<?xml version="1.0" encoding="UTF-8"?>
<!-- Generated by org.testng.reporters.JUnitXMLReporter -->
<testsuite hostname="Vinay.local" ignored="1" name="Test" tests="5" failures="3" timestamp="09 Apr 2022 06:05:56 GMT" time="0.049" errors="0">
  <testcase name="doUserRegestration" time="0.002" classname="TestNGPractice.TestNGPractice.AppTest1"/>
  <testcase name="login" time="0.006" classname="TestNGPractice.TestNGPractice.AppTest1"/>
  <testcase name="alogin" time="0.001" classname="TestNGPractice.TestNGPractice.AppTest3">
    <failure type="java.lang.AssertionError" message="Text is mismatched expected [abc] but found [cde]">
      <![CDATA[java.lang.AssertionError: Text is mismatched expected [abc] but found [cde]
at TestNGPractice.TestNGPractice.AppTest3.alogin(AppTest3.java:47)
... Removed 31 stack frames]]>
    </failure>
  </testcase> <!-- alogin -->
  <testcase name="doUserRegestration" time="0.001" classname="TestNGPractice.TestNGPractice.AppTest3">
    <failure type="java.lang.AssertionError" message="The following asserts failed:
	expected [abc] but found [cde]">
      <![CDATA[java.lang.AssertionError: The following asserts failed:
expected [abc] but found [cde]
at TestNGPractice.TestNGPractice.AppTest3.doUserRegestration(AppTest3.java:37)
... Removed 27 stack frames]]>
    </failure>
  </testcase> <!-- doUserRegestration -->
  <testcase name="doUserRegestration" time="0.005" classname="TestNGPractice.TestNGPractice.AppTest2">
    <failure type="java.lang.AssertionError" message="The following asserts failed:
	expected [abc] but found [cde]">
      <![CDATA[java.lang.AssertionError: The following asserts failed:
expected [abc] but found [cde]
at TestNGPractice.TestNGPractice.AppTest2.doUserRegestration(AppTest2.java:37)
... Removed 27 stack frames]]>
    </failure>
  </testcase> <!-- doUserRegestration -->
  <testcase name="alogin" time="0.0" classname="TestNGPractice.TestNGPractice.AppTest2">
    <ignored/>
  </testcase> <!-- alogin -->
</testsuite> <!-- Test -->
